Using pre-set license
Built from '2020.3/staging' branch; Version is '2020.3.21f1 (a38c86f6690f) revision 10718342'; Using compiler version '192528614'; Build Type 'Release'
OS: 'Windows 10 Home; OS build 19044.1889; Version 2009; 64bit' Language: 'ja' Physical Memory: 8109 MB
BatchMode: 1, IsHumanControllingUs: 0, StartBugReporterOnCrash: 0, Is64bit: 1, IsPro: 0

COMMAND LINE ARGUMENTS:
D:\2020.3.21f1\Editor\Unity.exe
-adb2
-batchMode
-noUpm
-name
AssetImportWorker4
-projectPath
C:/Users/yasuh/OneDrive/デスクトップ/TAMERU12/TAMERU12
-logFile
Logs/AssetImportWorker4.log
-srvPort
53816
Successfully changed project path to: C:/Users/yasuh/OneDrive/デスクトップ/TAMERU12/TAMERU12
C:/Users/yasuh/OneDrive/デスクトップ/TAMERU12/TAMERU12
Using Asset Import Pipeline V2.
